[2025-10-06--16-29-06 INFO actix_server::builder] starting 5 workers
[2025-10-06--16-29-06 INFO actix_server::server] Tokio runtime found; starting in existing Tokio runtime
[2025-10-06--16-29-06 INFO actix_server::server] starting service: "actix-web-service-127.0.0.1:18488", workers: 5, listening on: 127.0.0.1:18488
[2025-10-06--16-29-06 INFO parity_ws] Listening for new connections on 127.0.0.1:8900.
[2025-10-06--16-29-37 INFO txtx::svm::deploy_program] Failure Recovery Info - An ephemeral authority account will be created and funded to write to the buffer account.
[2025-10-06--16-29-37 INFO txtx::svm::deploy_program] Failure Recovery Info - Please save the following information in case the deployment fails and the account needs to be recovered:
[2025-10-06--16-29-37 INFO txtx::svm::deploy_program] Failure Recovery Info - Ephemeral authority public key: 7jdEskDxLfUtmpSrHApdYbpBqgpceB7mw2kq1bctNHVg
[2025-10-06--16-29-37 INFO txtx::svm::deploy_program] Failure Recovery Info - Ephemeral authority secret key: 54hGECoR7KVK9tH8mbrJyWzaEkXUJtD2tcozjdDHotaPkgjbK2SGNtEZKYiagaUzw6RTEbvoKRwW4GqpAWSjdmtz
[2025-10-06--16-29-37 INFO txtx::svm::deploy_program] Account Created - Ephemeral authority account created and funded to write to buffer
[2025-10-06--16-29-37 INFO txtx::svm::deploy_program] Failure Recovery Info - Creating program buffer account at pubkey 59gKt5BczQntynTsAHcpN4hvybNHNrE7W61LpifP6uyd
[2025-10-06--16-29-37 INFO txtx::svm::deploy_program] Account Created - Program buffer account created
[2025-10-06--16-29-38 INFO txtx::svm::deploy_program] Buffer Ready - Writing to buffer account is complete
[2025-10-06--16-29-39 INFO txtx::svm::deploy_program] Program Created - Program FNTPyRGBAC1vdEB7N4PDST2At8ACyc8aSZks1znvVNeZ has been deployed
[2025-10-06--16-29-39 INFO txtx::svm::deploy_program] Complete - Ephemeral authority account closed and leftover funds returned to payer
[2025-10-06--16-50-29 INFO actix_server::worker] shutting down idle worker
[2025-10-06--16-50-29 INFO actix_server::worker] shutting down idle worker
[2025-10-06--16-50-29 INFO actix_server::worker] shutting down idle worker
[2025-10-06--16-50-29 INFO actix_server::worker] shutting down idle worker
[2025-10-06--16-50-29 INFO actix_server::worker] shutting down idle worker
[2025-10-06--16-50-29 INFO actix_server::accept] accept thread stopped
