[2025-10-06--16-50-33 INFO actix_server::builder] starting 5 workers
[2025-10-06--16-50-33 INFO actix_server::server] Tokio runtime found; starting in existing Tokio runtime
[2025-10-06--16-50-33 INFO actix_server::server] starting service: "actix-web-service-127.0.0.1:18488", workers: 5, listening on: 127.0.0.1:18488
[2025-10-06--16-50-33 INFO parity_ws] Listening for new connections on 127.0.0.1:8900.
[2025-10-06--16-50-34 INFO txtx::svm::deploy_program] Failure Recovery Info - An ephemeral authority account will be created and funded to write to the buffer account.
[2025-10-06--16-50-34 INFO txtx::svm::deploy_program] Failure Recovery Info - Please save the following information in case the deployment fails and the account needs to be recovered:
[2025-10-06--16-50-34 INFO txtx::svm::deploy_program] Failure Recovery Info - Ephemeral authority public key: CtTiTSRMNQgcQmJw9iSDYxNCgcWQBFeaz9nC8snfG6HY
[2025-10-06--16-50-34 INFO txtx::svm::deploy_program] Failure Recovery Info - Ephemeral authority secret key: 4oVXV2VH6Vd3VKNmDSiAHtcNvwZqXcr9hBT89tyoiX5QT7Lb5CJCZY23xVJpcqE5NVuDHDs8JRttgfkE2QMv7snJ
[2025-10-06--16-50-34 INFO txtx::svm::deploy_program] Account Created - Ephemeral authority account created and funded to write to buffer
[2025-10-06--16-50-34 INFO txtx::svm::deploy_program] Failure Recovery Info - Creating program buffer account at pubkey CszKPMzu4pbRq82X7uF2xFd2m5QD6TSTFXbkt9r1sywr
[2025-10-06--16-50-34 INFO txtx::svm::deploy_program] Account Created - Program buffer account created
[2025-10-06--16-50-35 INFO txtx::svm::deploy_program] Buffer Ready - Writing to buffer account is complete
[2025-10-06--16-50-36 INFO txtx::svm::deploy_program] Program Created - Program FNTPyRGBAC1vdEB7N4PDST2At8ACyc8aSZks1znvVNeZ has been deployed
[2025-10-06--16-50-36 INFO txtx::svm::deploy_program] Complete - Ephemeral authority account closed and leftover funds returned to payer
[2025-10-06--16-52-51 INFO actix_server::worker] shutting down idle worker
[2025-10-06--16-52-51 INFO actix_server::worker] shutting down idle worker
[2025-10-06--16-52-51 INFO actix_server::worker] shutting down idle worker
[2025-10-06--16-52-51 INFO actix_server::accept] accept thread stopped
[2025-10-06--16-52-51 INFO actix_server::worker] shutting down idle worker
[2025-10-06--16-52-51 INFO actix_server::worker] shutting down idle worker
